

--- Error at 2026-02-05 08:56:37.337253 ---
Traceback (most recent call last):
  File "C:\Program Files\WindowsApps\PythonSoftwareFoundation.Python.3.13_3.13.2544.0_x64__qbz5n2kfra8p0\Lib\enum.py", line 695, in __call__
    def __call__(cls, value, names=_not_given, *values, module=None, qualname=None, type=None, start=1, boundary=None):
    
KeyboardInterrupt


--- Error at 2026-02-07 20:44:21.963954 ---
Traceback (most recent call last):
  File "d:\Python Desktop\main.py", line 209, in <module>
    main()
    ~~~~^^
  File "d:\Python Desktop\main.py", line 180, in main
    window = POSApplication()
  File "d:\Python Desktop\main.py", line 20, in __init__
    self.db = DatabaseManager()
              ~~~~~~~~~~~~~~~^^
  File "d:\Python Desktop\database_manager.py", line 31, in __init__
    self.create_returns_tables()
    ~~~~~~~~~~~~~~~~~~~~~~~~~~^^
  File "d:\Python Desktop\database_manager.py", line 522, in create_returns_tables
    self.cursor.execute("""
    ^^^^^^^^^^^^^^^^^^^
AttributeError: 'NoneType' object has no attribute 'execute'


--- Error at 2026-02-12 09:03:28.335722 ---
Traceback (most recent call last):
  File "d:\Python Desktop\ui\dashboard_page.py", line 388, in eventFilter
    def eventFilter(self, source, event):
    
KeyboardInterrupt


--- Error at 2026-02-12 09:07:42.676422 ---
Traceback (most recent call last):
  File "d:\Python Desktop\ui\dashboard_page.py", line 388, in eventFilter
    def eventFilter(self, source, event):
    
KeyboardInterrupt


--- Error at 2026-02-12 09:11:10.620724 ---
Traceback (most recent call last):
  File "d:\Python Desktop\ui\dashboard_page.py", line 388, in eventFilter
    def eventFilter(self, source, event):
    
KeyboardInterrupt


--- Error at 2026-02-12 09:18:46.520591 ---
Traceback (most recent call last):
  File "d:\Python Desktop\ui\dashboard_page.py", line 388, in eventFilter
    def eventFilter(self, source, event):
    
KeyboardInterrupt


--- Error at 2026-02-12 09:19:45.190340 ---
Traceback (most recent call last):
  File "d:\Python Desktop\ui\dashboard_page.py", line 388, in eventFilter
    def eventFilter(self, source, event):
    
KeyboardInterrupt


--- Error at 2026-02-12 10:15:42.629701 ---
Traceback (most recent call last):
  File "d:\Python Desktop\ui\dashboard_page.py", line 388, in eventFilter
    def eventFilter(self, source, event):
    
KeyboardInterrupt


--- Error at 2026-02-12 13:11:52.557173 ---
Traceback (most recent call last):
  File "d:\Python Desktop\ui\dashboard_page.py", line 388, in eventFilter
    def eventFilter(self, source, event):
    
KeyboardInterrupt


--- Error at 2026-02-14 03:00:38.629790 ---
Traceback (most recent call last):
  File "d:\Python Desktop\ui\dashboard_page.py", line 414, in eventFilter
    self.alert_container.setToolTip("اضغط هنا لفتح درج جديد")
    
KeyboardInterrupt


--- Error at 2026-02-14 03:53:13.939870 ---
Traceback (most recent call last):
  File "d:\Python Desktop\ui\dashboard_page.py", line 429, in eventFilter
    def eventFilter(self, source, event):
    
KeyboardInterrupt


--- Error at 2026-02-16 03:50:19.389887 ---
Traceback (most recent call last):
  File "d:\Python Desktop\ui\dashboard_page.py", line 416, in eventFilter
    def eventFilter(self, source, event):
    
KeyboardInterrupt


--- Error at 2026-02-16 16:53:09.705027 ---
Traceback (most recent call last):
  File "d:\Python Desktop\ui\dashboard_page.py", line 416, in eventFilter
    def eventFilter(self, source, event):
    
KeyboardInterrupt


--- Error at 2026-02-18 03:23:38.850140 ---
Traceback (most recent call last):
  File "d:\Python Desktop\ui\dashboard_page.py", line 424, in eventFilter
    def eventFilter(self, source, event):
    
KeyboardInterrupt


--- Error at 2026-02-18 03:29:54.088142 ---
Traceback (most recent call last):
  File "d:\Python Desktop\ui\dashboard_page.py", line 424, in eventFilter
    def eventFilter(self, source, event):
    
KeyboardInterrupt


--- Error at 2026-02-18 03:40:18.738959 ---
Traceback (most recent call last):
  File "d:\Python Desktop\ui\dashboard_page.py", line 424, in eventFilter
    def eventFilter(self, source, event):
    
KeyboardInterrupt


--- Error at 2026-02-18 03:58:48.189349 ---
Traceback (most recent call last):
  File "d:\Python Desktop\ui\purchases_page.py", line 935, in save_invoice
    success = self.db.create_purchase_invoice(
        supplier_id=supplier_id,
    ...<9 lines>...
        discount_amount=self.discount_input.value()
    )
  File "d:\Python Desktop\database_manager.py", line 2862, in create_purchase_invoice
    stock_res = self.get_product_total_stock(pid) # Need to implement or use query
                ^^^^^^^^^^^^^^^^^^^^^^^^^^^^
AttributeError: 'DatabaseManager' object has no attribute 'get_product_total_stock'


--- Error at 2026-02-18 03:59:10.971757 ---
Traceback (most recent call last):
  File "d:\Python Desktop\ui\purchases_page.py", line 935, in save_invoice
    success = self.db.create_purchase_invoice(
        supplier_id=supplier_id,
    ...<9 lines>...
        discount_amount=self.discount_input.value()
    )
  File "d:\Python Desktop\database_manager.py", line 2862, in create_purchase_invoice
    stock_res = self.get_product_total_stock(pid) # Need to implement or use query
                ^^^^^^^^^^^^^^^^^^^^^^^^^^^^
AttributeError: 'DatabaseManager' object has no attribute 'get_product_total_stock'


--- Error at 2026-02-18 13:52:01.834352 ---
Traceback (most recent call last):
  File "d:\Python Desktop\ui\purchases_page.py", line 949, in save_invoice
    if invoice_id:
       ^^^^^^^^^^
NameError: name 'invoice_id' is not defined


--- Error at 2026-02-18 13:59:54.647720 ---
Traceback (most recent call last):
  File "d:\Python Desktop\ui\purchases_page.py", line 935, in save_invoice
    invoice_id = self.db.create_purchase_invoice(
        supplier_id=supplier_id,
    ...<9 lines>...
        discount_amount=self.discount_input.value()
    )
  File "d:\Python Desktop\database_manager.py", line 2886, in create_purchase_invoice
    new_wac_cost = ((old_qty * old_cost) + (qty * cost)) / new_qty_total
                     ~~~~~~~~^~~~~~~~~~
TypeError: unsupported operand type(s) for *: 'decimal.Decimal' and 'float'


--- Error at 2026-02-18 14:02:27.862330 ---
Traceback (most recent call last):
  File "d:\Python Desktop\ui\purchases_page.py", line 935, in save_invoice
    invoice_id = self.db.create_purchase_invoice(
        supplier_id=supplier_id,
    ...<9 lines>...
        discount_amount=self.discount_input.value()
    )
  File "d:\Python Desktop\database_manager.py", line 2894, in create_purchase_invoice
    self.update_product_price(pid, new_buy_price=new_wac_cost, changed_by=user_id, notes="متوسط تكلفة شراء")
    ~~~~~~~~~~~~~~~~~~~~~~~~~^^^^^^^^^^^^^^^^^^^^^^^^^^^^^^^^^^^^^^^^^^^^^^^^^^^^^^^^^^^^^^^^^^^^^^^^^^^^^^^
TypeError: DatabaseManager.update_product_price() missing 1 required positional argument: 'new_sell_price'


--- Error at 2026-02-20 03:19:48.440461 ---
Traceback (most recent call last):
  File "d:\Python Desktop\main.py", line 192, in closeEvent
    def closeEvent(self, event):
    
KeyboardInterrupt


--- Error at 2026-02-20 03:26:25.345246 ---
Traceback (most recent call last):
  File "d:\Python Desktop\ui\dashboard_page.py", line 424, in eventFilter
    def eventFilter(self, source, event):
    
KeyboardInterrupt


--- Error at 2026-02-21 02:11:13.068985 ---
Traceback (most recent call last):
  File "d:\Python Desktop\ui\dashboard_page.py", line 424, in eventFilter
    def eventFilter(self, source, event):
    
KeyboardInterrupt


--- Error at 2026-02-21 03:36:55.938701 ---
Traceback (most recent call last):
  File "d:\Python Desktop\ui\dashboard_page.py", line 424, in eventFilter
    def eventFilter(self, source, event):
    
KeyboardInterrupt


--- Error at 2026-02-21 03:46:50.984557 ---
Traceback (most recent call last):
  File "d:\Python Desktop\ui\dashboard_page.py", line 424, in eventFilter
    def eventFilter(self, source, event):
    
KeyboardInterrupt


--- Error at 2026-02-22 03:18:51.540221 ---
Traceback (most recent call last):
  File "d:\Python Desktop\main.py", line 192, in closeEvent
    def closeEvent(self, event):
    
KeyboardInterrupt


--- Error at 2026-02-22 03:22:09.044634 ---
Traceback (most recent call last):
  File "d:\Python Desktop\main.py", line 192, in closeEvent
    def closeEvent(self, event):
    
KeyboardInterrupt


--- Error at 2026-02-22 03:28:53.900519 ---
Traceback (most recent call last):
  File "d:\Python Desktop\ui\accounts_page.py", line 638, in <lambda>
    browse_btn.clicked.connect(lambda: self.browse_file(file_path_lbl))
                                       ~~~~~~~~~~~~~~~~^^^^^^^^^^^^^^^
  File "d:\Python Desktop\ui\accounts_page.py", line 544, in browse_file
    path, _ = QFileDialog.getOpenFileName(self, "اختر ملف", "", "Images (*.png *.jpg *.jpeg *.pdf);;All Files (*)")
              ^^^^^^^^^^^
NameError: name 'QFileDialog' is not defined


--- Error at 2026-02-23 02:23:15.757370 ---
Traceback (most recent call last):
  File "d:\Python Desktop\ui\purchases_page.py", line 961, in save_invoice
    user_id=self.user['id'],
            ~~~~~~~~~^^^^^^
KeyError: 'id'


--- Error at 2026-02-24 01:39:59.082267 ---
Traceback (most recent call last):
  File "d:\Python Desktop\ui\accounts_page.py", line 588, in <lambda>
    browse_btn.clicked.connect(lambda: self.browse_file(file_path_lbl))
                                       ~~~~~~~~~~~~~~~~^^^^^^^^^^^^^^^
  File "d:\Python Desktop\ui\accounts_page.py", line 620, in browse_file
    label.setText(os.path.basename(path))
                  ^^
NameError: name 'os' is not defined. Did you forget to import 'os'?


--- Error at 2026-02-24 01:43:15.972128 ---
Traceback (most recent call last):
  File "d:\Python Desktop\ui\accounts_page.py", line 588, in <lambda>
    browse_btn.setStyleSheet(get_button_style('outline'))
                                       ^^^^^^^^^^^^^^^^^^
  File "d:\Python Desktop\ui\accounts_page.py", line 620, in browse_file
    self.selected_file_path = path
                  ^^
NameError: name 'os' is not defined. Did you forget to import 'os'?


--- Error at 2026-02-24 02:45:48.927467 ---
Traceback (most recent call last):
  File "d:\Python Desktop\ui\dashboard_page.py", line 407, in eventFilter
    def eventFilter(self, source, event):
    
KeyboardInterrupt


--- Error at 2026-02-24 02:50:59.508443 ---
Traceback (most recent call last):
  File "d:\Python Desktop\ui\settings_page.py", line 159, in _execute_backup
    success, message = self.db.backup_database()
                       ~~~~~~~~~~~~~~~~~~~~~~~^^
  File "d:\Python Desktop\database_manager.py", line 177, in backup_database
    os.makedirs(backup_dir)
    ~~~~~~~~~~~^^^^^^^^^^^^
  File "<frozen os>", line 218, in makedirs
  File "<frozen os>", line 228, in makedirs
FileNotFoundError: [WinError 3] The system cannot find the path specified: 'E:/'


--- Error at 2026-02-25 03:15:09.536003 ---
Traceback (most recent call last):
  File "d:\Python Desktop\ui\dashboard_page.py", line 407, in eventFilter
    def eventFilter(self, source, event):
    
KeyboardInterrupt


--- Error at 2026-02-25 04:18:23.611113 ---
Traceback (most recent call last):
  File "d:\Python Desktop\ui\dashboard_page.py", line 407, in eventFilter
    def eventFilter(self, source, event):
    
KeyboardInterrupt


--- Error at 2026-02-25 15:53:39.752445 ---
Traceback (most recent call last):
  File "d:\Python Desktop\ui\dashboard_page.py", line 407, in eventFilter
    def eventFilter(self, source, event):
    
KeyboardInterrupt


--- Error at 2026-02-25 16:00:48.942744 ---
Traceback (most recent call last):
  File "d:\Python Desktop\ui\dashboard_page.py", line 407, in eventFilter
    def eventFilter(self, source, event):
    
KeyboardInterrupt


--- Error at 2026-03-02 03:53:48.061585 ---
Traceback (most recent call last):
  File "C:\Users\Master\AppData\Local\Programs\Python\Python312\Lib\enum.py", line 720, in __call__
    def __call__(cls, value, names=_not_given, *values, module=None, qualname=None, type=None, start=1, boundary=None):
    
KeyboardInterrupt


--- Error at 2026-03-02 04:45:43.439350 ---
Traceback (most recent call last):
  File "C:\Users\Master\AppData\Local\Programs\Python\Python312\Lib\enum.py", line 720, in __call__
    def __call__(cls, value, names=_not_given, *values, module=None, qualname=None, type=None, start=1, boundary=None):
    
KeyboardInterrupt


--- Error at 2026-03-04 15:02:53.718402 ---
Traceback (most recent call last):
  File "d:\Python Desktop\ui\products_page.py", line 1526, in delete_product
    cursor.execute(f"SELECT COUNT(*) as count FROM {table} WHERE product_id = %s", (product_id,))
  File "D:\Python Desktop\.venv\Lib\site-packages\mysql\connector\cursor.py", line 416, in execute
    self._connection.cmd_query(
  File "D:\Python Desktop\.venv\Lib\site-packages\mysql\connector\opentelemetry\context_propagation.py", line 97, in wrapper
    return method(cnx, *args, **kwargs)
           ^^^^^^^^^^^^^^^^^^^^^^^^^^^^
  File "D:\Python Desktop\.venv\Lib\site-packages\mysql\connector\_decorating.py", line 89, in handle_cnx_method
    raise err
  File "D:\Python Desktop\.venv\Lib\site-packages\mysql\connector\_decorating.py", line 85, in handle_cnx_method
    return cnx_method(cnx, *args, **kwargs)
           ^^^^^^^^^^^^^^^^^^^^^^^^^^^^^^^^
  File "D:\Python Desktop\.venv\Lib\site-packages\mysql\connector\connection.py", line 985, in cmd_query
    self._send_cmd(
  File "D:\Python Desktop\.venv\Lib\site-packages\mysql\connector\_decorating.py", line 89, in handle_cnx_method
    raise err
  File "D:\Python Desktop\.venv\Lib\site-packages\mysql\connector\_decorating.py", line 85, in handle_cnx_method
    return cnx_method(cnx, *args, **kwargs)
           ^^^^^^^^^^^^^^^^^^^^^^^^^^^^^^^^
  File "D:\Python Desktop\.venv\Lib\site-packages\mysql\connector\connection.py", line 514, in _send_cmd
    self._socket.recv(read_timeout or self._read_timeout)
  File "D:\Python Desktop\.venv\Lib\site-packages\mysql\connector\network.py", line 668, in recv
    return self._netbroker.recv(self.sock, self.address)
           ^^^^^^^^^^^^^^^^^^^^^^^^^^^^^^^^^^^^^^^^^^^^^
  File "D:\Python Desktop\.venv\Lib\site-packages\mysql\connector\network.py", line 235, in recv
    header = self._recv_chunk(sock, size=PACKET_HEADER_LENGTH)
             ^^^^^^^^^^^^^^^^^^^^^^^^^^^^^^^^^^^^^^^^^^^^^^^^^
  File "D:\Python Desktop\.venv\Lib\site-packages\mysql\connector\network.py", line 182, in _recv_chunk
    raise InterfaceError(errno=2013)
mysql.connector.errors.InterfaceError: 2013: Lost connection to MySQL server during query

During handling of the above exception, another exception occurred:

Traceback (most recent call last):
  File "D:\Python Desktop\.venv\Lib\site-packages\mysql\connector\network.py", line 165, in _send_pkt
    sock.sendall(pkt)
  File "C:\Users\Master\AppData\Local\Programs\Python\Python312\Lib\ssl.py", line 1210, in sendall
    v = self.send(byte_view[count:])
        ^^^^^^^^^^^^^^^^^^^^^^^^^^^^
  File "C:\Users\Master\AppData\Local\Programs\Python\Python312\Lib\ssl.py", line 1179, in send
    return self._sslobj.write(data)
           ^^^^^^^^^^^^^^^^^^^^^^^^
ssl.SSLEOFError: EOF occurred in violation of protocol (_ssl.c:2427)

The above exception was the direct cause of the following exception:

Traceback (most recent call last):
  File "d:\Python Desktop\ui\products_page.py", line 1110, in <lambda>
    delete_btn.clicked.connect(lambda checked, p_id=product['id'], p_name=product['product_name']: self.delete_product(p_id, p_name))
                                                                                                   ^^^^^^^^^^^^^^^^^^^^^^^^^^^^^^^^^
  File "d:\Python Desktop\ui\products_page.py", line 1611, in delete_product
    self.db.conn.rollback()
  File "D:\Python Desktop\.venv\Lib\site-packages\mysql\connector\connection.py", line 1463, in rollback
    self._execute_query("ROLLBACK")
  File "D:\Python Desktop\.venv\Lib\site-packages\mysql\connector\connection.py", line 1475, in _execute_query
    self.cmd_query(query)
  File "D:\Python Desktop\.venv\Lib\site-packages\mysql\connector\opentelemetry\context_propagation.py", line 97, in wrapper
    return method(cnx, *args, **kwargs)
           ^^^^^^^^^^^^^^^^^^^^^^^^^^^^
  File "D:\Python Desktop\.venv\Lib\site-packages\mysql\connector\_decorating.py", line 89, in handle_cnx_method
    raise err
  File "D:\Python Desktop\.venv\Lib\site-packages\mysql\connector\_decorating.py", line 85, in handle_cnx_method
    return cnx_method(cnx, *args, **kwargs)
           ^^^^^^^^^^^^^^^^^^^^^^^^^^^^^^^^
  File "D:\Python Desktop\.venv\Lib\site-packages\mysql\connector\connection.py", line 985, in cmd_query
    self._send_cmd(
  File "D:\Python Desktop\.venv\Lib\site-packages\mysql\connector\_decorating.py", line 89, in handle_cnx_method
    raise err
  File "D:\Python Desktop\.venv\Lib\site-packages\mysql\connector\_decorating.py", line 85, in handle_cnx_method
    return cnx_method(cnx, *args, **kwargs)
           ^^^^^^^^^^^^^^^^^^^^^^^^^^^^^^^^
  File "D:\Python Desktop\.venv\Lib\site-packages\mysql\connector\connection.py", line 507, in _send_cmd
    self._socket.send(
  File "D:\Python Desktop\.venv\Lib\site-packages\mysql\connector\network.py", line 650, in send
    self._netbroker.send(
  File "D:\Python Desktop\.venv\Lib\site-packages\mysql\connector\network.py", line 223, in send
    self._send_pkt(
  File "D:\Python Desktop\.venv\Lib\site-packages\mysql\connector\network.py", line 169, in _send_pkt
    raise OperationalError(
mysql.connector.errors.OperationalError: 2055: Lost connection to MySQL server at 'gateway01.eu-central-1.prod.aws.tidbcloud.com:4000', system error: Errno 8: EOF occurred in violation of protocol (_ssl.c:2427)


--- Error at 2026-03-04 15:29:35.861203 ---
Traceback (most recent call last):
  File "d:\Python Desktop\main.py", line 243, in <module>
    main()
  File "d:\Python Desktop\main.py", line 211, in main
    window = POSApplication()
             ^^^^^^^^^^^^^^^^
  File "d:\Python Desktop\main.py", line 44, in __init__
    self.login_page = LoginPage(self.db, self)
                      ^^^^^^^^^^^^^^^^^^^^^^^^
  File "d:\Python Desktop\ui\login_page.py", line 24, in __init__
    self.init_ui()
  File "d:\Python Desktop\ui\login_page.py", line 283, in init_ui
    self._update_attempts_hint()
  File "d:\Python Desktop\ui\login_page.py", line 311, in _update_attempts_hint
    remaining = max(0, self.max_attempts - self.failed_attempts)
                       ^^^^^^^^^^^^^^^^^
AttributeError: 'LoginPage' object has no attribute 'max_attempts'


--- Error at 2026-03-18 02:12:58.276337 ---
Traceback (most recent call last):
  File "d:\Python Desktop\main.py", line 249, in <module>
    main()
    ~~~~^^
  File "d:\Python Desktop\main.py", line 217, in main
    window = POSApplication()
  File "d:\Python Desktop\main.py", line 26, in __init__
    self.db = DatabaseManager()
              ~~~~~~~~~~~~~~~^^
  File "d:\Python Desktop\database_manager.py", line 73, in __init__
    self.create_sync_queue_table()
    ^^^^^^^^^^^^^^^^^^^^^^^^^^^^
AttributeError: 'DatabaseManager' object has no attribute 'create_sync_queue_table'


--- Error at 2026-03-18 02:19:34.612015 ---
Traceback (most recent call last):
  File "d:\Python Desktop\main.py", line 249, in <module>
    main()
    ~~~~^^
  File "d:\Python Desktop\main.py", line 217, in main
    window = POSApplication()
  File "d:\Python Desktop\main.py", line 26, in __init__
    self.db = DatabaseManager()
              ~~~~~~~~~~~~~~~^^
  File "d:\Python Desktop\database_manager.py", line 74, in __init__
    self.apply_performance_indexes()
    ^^^^^^^^^^^^^^^^^^^^^^^^^^^^^^
AttributeError: 'DatabaseManager' object has no attribute 'apply_performance_indexes'


--- Error at 2026-03-18 02:23:18.695803 ---
Traceback (most recent call last):
  File "d:\Python Desktop\ui\login_page.py", line 431, in login
    self.parent.show_dashboard(user)
    ~~~~~~~~~~~~~~~~~~~~~~~~~~^^^^^^
  File "d:\Python Desktop\main.py", line 125, in show_dashboard
    self.dashboard_page = DashboardPage(self)
                          ~~~~~~~~~~~~~^^^^^^
  File "d:\Python Desktop\ui\dashboard_page.py", line 26, in __init__
    self.init_ui()
    ~~~~~~~~~~~~^^
  File "d:\Python Desktop\ui\dashboard_page.py", line 85, in init_ui
    self.admin_panel = AdminPanel(auto_load=False)
                       ^^^^^^^^^^
NameError: name 'AdminPanel' is not defined


--- Error at 2026-03-18 02:28:36.537136 ---
Traceback (most recent call last):
  File "d:\Python Desktop\ui\login_page.py", line 431, in login
    self.parent.show_dashboard(user)
    ~~~~~~~~~~~~~~~~~~~~~~~~~~^^^^^^
  File "d:\Python Desktop\main.py", line 125, in show_dashboard
    self.dashboard_page = DashboardPage(self)
                          ~~~~~~~~~~~~~^^^^^^
  File "d:\Python Desktop\ui\dashboard_page.py", line 27, in __init__
    self.init_ui()
    ~~~~~~~~~~~~^^
  File "d:\Python Desktop\ui\dashboard_page.py", line 87, in init_ui
    self.cashier_page = CashierPage()
                        ^^^^^^^^^^^
NameError: name 'CashierPage' is not defined


--- Error at 2026-03-18 02:40:03.496607 ---
Traceback (most recent call last):
  File "C:\Program Files\WindowsApps\PythonSoftwareFoundation.Python.3.13_3.13.3312.0_x64__qbz5n2kfra8p0\Lib\enum.py", line 696, in __call__
    def __call__(cls, value, names=_not_given, *values, module=None, qualname=None, type=None, start=1, boundary=None):
    
KeyboardInterrupt


--- Error at 2026-03-18 02:55:47.623702 ---
Traceback (most recent call last):
  File "d:\Python Desktop\ui\purchases_page.py", line 973, in save_invoice
    invoice_id = self.db.create_purchase_invoice(
        supplier_id=supplier_id,
    ...<9 lines>...
        discount_amount=self.discount_input.value()
    )
  File "d:\Python Desktop\database_manager.py", line 3649, in create_purchase_invoice
    actual_invoice_date = invoice_date_res['invoice_date'].date() if invoice_date_res and invoice_date_res['invoice_date'] else None
                                                                     ^^^^^^^^^^^^^^^^
NameError: name 'invoice_date_res' is not defined


--- Error at 2026-03-18 03:01:20.819571 ---
Traceback (most recent call last):
  File "d:\Python Desktop\ui\dashboard_page.py", line 437, in eventFilter
    def eventFilter(self, source, event):
    
KeyboardInterrupt


--- Error at 2026-03-18 03:01:31.086249 ---
Traceback (most recent call last):
  File "d:\Python Desktop\ui\purchases_page.py", line 973, in save_invoice
    
    
    ...<11 lines>...
        discount_amount=self.discount_input.value()
        ^^^^^^^^^
  File "d:\Python Desktop\database_manager.py", line 3649, in create_purchase_invoice
    actual_invoice_date = invoice_date_res['invoice_date'].date() if invoice_date_res and invoice_date_res['invoice_date'] else None
                                                                     ^^^^^^^^^^^^^^^^
NameError: name 'invoice_date_res' is not defined


--- Error at 2026-03-18 03:03:53.006740 ---
Traceback (most recent call last):
  File "d:\Python Desktop\main.py", line 249, in <module>
    main()
    ~~~~^^
  File "d:\Python Desktop\main.py", line 217, in main
    window = POSApplication()
  File "d:\Python Desktop\main.py", line 26, in __init__
    self.db = DatabaseManager()
              ~~~~~~~~~~~~~~~^^
  File "d:\Python Desktop\database_manager.py", line 73, in __init__
    self.create_sync_queue_table()
    ^^^^^^^^^^^^^^^^^^^^^^^^^^^^
AttributeError: 'DatabaseManager' object has no attribute 'create_sync_queue_table'


--- Error at 2026-03-18 03:04:50.553000 ---
Traceback (most recent call last):
  File "d:\Python Desktop\main.py", line 249, in <module>
    main()
    ~~~~^^
  File "d:\Python Desktop\main.py", line 217, in main
    window = POSApplication()
  File "d:\Python Desktop\main.py", line 26, in __init__
    self.db = DatabaseManager()
              ~~~~~~~~~~~~~~~^^
  File "d:\Python Desktop\database_manager.py", line 73, in __init__
    self.create_sync_queue_table()
    ^^^^^^^^^^^^^^^^^^^^^^^^^^^^
AttributeError: 'DatabaseManager' object has no attribute 'create_sync_queue_table'


--- Error at 2026-03-20 01:38:24.733172 ---
Traceback (most recent call last):
  File "d:\Python Desktop\main.py", line 249, in <module>
    main()
    ~~~~^^
  File "d:\Python Desktop\main.py", line 217, in main
    window = POSApplication()
  File "d:\Python Desktop\main.py", line 26, in __init__
    self.db = DatabaseManager()
              ~~~~~~~~~~~~~~~^^
  File "d:\Python Desktop\database_manager.py", line 73, in __init__
    self.create_sync_queue_table()
    ^^^^^^^^^^^^^^^^^^^^^^^^^^^^
AttributeError: 'DatabaseManager' object has no attribute 'create_sync_queue_table'


--- Error at 2026-03-20 01:41:39.965534 ---
Traceback (most recent call last):
  File "d:\Python Desktop\main.py", line 249, in <module>
    main()
    ~~~~^^
  File "d:\Python Desktop\main.py", line 217, in main
    window = POSApplication()
  File "d:\Python Desktop\main.py", line 26, in __init__
    self.db = DatabaseManager()
              ~~~~~~~~~~~~~~~^^
  File "d:\Python Desktop\database_manager.py", line 73, in __init__
    self.create_sync_queue_table()
    ^^^^^^^^^^^^^^^^^^^^^^^^^^^^
AttributeError: 'DatabaseManager' object has no attribute 'create_sync_queue_table'


--- Error at 2026-03-20 01:42:07.956118 ---
Traceback (most recent call last):
  File "d:\Python Desktop\main.py", line 249, in <module>
    main()
    ~~~~^^
  File "d:\Python Desktop\main.py", line 217, in main
    window = POSApplication()
  File "d:\Python Desktop\main.py", line 26, in __init__
    self.db = DatabaseManager()
              ~~~~~~~~~~~~~~~^^
  File "d:\Python Desktop\database_manager.py", line 73, in __init__
    self.create_sync_queue_table()
    ^^^^^^^^^^^^^^^^^^^^^^^^^^^^
AttributeError: 'DatabaseManager' object has no attribute 'create_sync_queue_table'


--- Error at 2026-03-20 02:26:23.490824 ---
Traceback (most recent call last):
  File "d:\Python Desktop\ui\purchases_page.py", line 974, in save_invoice
    invoice_id = self.db.create_purchase_invoice(
    
    ...<11 lines>...
    
    )
  File "d:\Python Desktop\database_manager.py", line 3807, in create_purchase_invoice
    actual_invoice_date = invoice_date_res['invoice_date'].date() if invoice_date_res and invoice_date_res['invoice_date'] else None
                                                                     ^^^^^^^^^^^^^^^^
NameError: name 'invoice_date_res' is not defined


--- Error at 2026-03-20 02:53:16.422408 ---
Traceback (most recent call last):
  File "d:\Python Desktop\main.py", line 110, in check_sync_recovery
    logger.info("Found pending sync items on startup. Starting recovery...")
    ^^^^^^
NameError: name 'logger' is not defined

During handling of the above exception, another exception occurred:

Traceback (most recent call last):
  File "d:\Python Desktop\main.py", line 288, in <module>
    main()
    ~~~~^^
  File "d:\Python Desktop\main.py", line 256, in main
    window = POSApplication()
  File "d:\Python Desktop\main.py", line 62, in __init__
    self.check_sync_recovery()
    ~~~~~~~~~~~~~~~~~~~~~~~~^^
  File "d:\Python Desktop\main.py", line 118, in check_sync_recovery
    logger.error(f"Startup sync recovery failed: {e}")
    ^^^^^^
NameError: name 'logger' is not defined
